\BOOKMARK [1][-]{section.1}{\376\377\170\024\172\166\145\271\150\110}{}% 1
\BOOKMARK [2][-]{subsection.1.1}{\376\377\203\267\123\326\171\076\123\072\117\341\140\157}{section.1}% 2
\BOOKMARK [2][-]{subsection.1.2}{\376\377\213\276\145\275\122\006\174\173\210\150}{section.1}% 3
\BOOKMARK [2][-]{subsection.1.3}{\376\377\213\241\173\227\153\145\210\114\143\007\145\160}{section.1}% 4
\BOOKMARK [3][-]{subsubsection.1.3.1}{\376\377\127\372\116\216\215\335\171\273\166\204\210\160\121\317\121\375\145\160}{subsection.1.3}% 5
\BOOKMARK [3][-]{subsubsection.1.3.2}{\376\377\150\071\143\156\215\357\177\121\213\241\173\227\215\357\137\204\215\335\171\273}{subsection.1.3}% 6
\BOOKMARK [3][-]{subsubsection.1.3.3}{\376\377\147\345\142\176\153\317\116\052\171\076\123\072\124\150\126\364\166\204\000P\000O\000I}{subsection.1.3}% 7
\BOOKMARK [2][-]{subsection.1.4}{\376\377\137\227\122\006\176\240\225\031}{section.1}% 8
\BOOKMARK [3][-]{subsubsection.1.4.1}{\376\377\200\003\206\121\215\357\123\343\133\306\136\246\124\214\210\127\220\123\225\177\136\246}{subsection.1.4}% 9
\BOOKMARK [3][-]{subsubsection.1.4.2}{\376\377\127\372\116\216\171\076\123\072\162\171\137\201\166\204\210\160\121\317\121\375\145\160}{subsection.1.4}% 10
\BOOKMARK [3][-]{subsubsection.1.4.3}{\376\377\203\267\123\326\171\076\123\072\142\100\134\136\166\204\210\127\220\123\124\015\171\360}{subsection.1.4}% 11
\BOOKMARK [2][-]{subsection.1.5}{\376\377\153\145\210\114\140\047\213\304\117\060}{section.1}% 12
\BOOKMARK [1][-]{section.2}{\376\377\136\177\135\336\166\204\170\024\172\166\176\323\147\234}{}% 13
\BOOKMARK [2][-]{subsection.2.1}{\376\377\000P\000O\000I\145\160\143\156\166\204\127\372\147\054\176\337\213\241\162\171\137\201}{section.2}% 14
\BOOKMARK [2][-]{subsection.2.2}{\376\377\142\100\147\011\171\076\123\072\000/\210\127\123\072\166\204\153\145\210\114\140\047\213\304\176\247\176\323\147\234\176\337\213\241\000*}{section.2}% 15
\BOOKMARK [2][-]{subsection.2.3}{\376\377\150\007\121\306\123\026\142\123\122\006\000*}{section.2}% 16
\BOOKMARK [2][-]{subsection.2.4}{\376\377\153\145\210\114\140\047\213\304\117\060}{section.2}% 17
\BOOKMARK [1][-]{section.3}{\376\377\155\361\127\063\166\204\170\024\172\166\176\323\147\234}{}% 18
\BOOKMARK [2][-]{subsection.3.1}{\376\377\000P\000O\000I\145\160\143\156\166\204\127\372\147\054\176\337\213\241\162\171\137\201}{section.3}% 19
\BOOKMARK [2][-]{subsection.3.2}{\376\377\142\100\147\011\171\076\123\072\000/\210\127\123\072\166\204\153\145\210\114\140\047\213\304\176\247\176\323\147\234\176\337\213\241\000*}{section.3}% 20
\BOOKMARK [2][-]{subsection.3.3}{\376\377\150\007\121\306\123\026\142\123\122\006\000*}{section.3}% 21
\BOOKMARK [2][-]{subsection.3.4}{\376\377\153\145\210\114\140\047\213\304\117\060}{section.3}% 22
\BOOKMARK [1][-]{table.caption.14}{\376\377\123\302\200\003\145\207\163\056}{}% 23
